11:42:05,711 (AWT-EventQueue-0) INFO  [uniandes.isis2304.parranderos.negocio.Parranderos] - Limpiando la BD de Parranderos
11:42:05,809 (AWT-EventQueue-0) INFO  [uniandes.isis2304.parranderos.persistencia.PersistenciaParranderos] - Borrada la base de datos
11:42:05,810 (AWT-EventQueue-0) INFO  [uniandes.isis2304.parranderos.negocio.Parranderos] - Limpiando la BD de Parranderos: Listo!
17:49:19,884 (main) INFO  [uniandes.isis2304.parranderos.interfazApp.InterfazParranderosApp] - Se encontró un archivo de configuración válido: Interfaz
17:49:19,884 (main) INFO  [uniandes.isis2304.parranderos.interfazApp.InterfazParranderosApp] - Se aplica configuración indicada en el archivo de configuración
17:49:19,896 (main) INFO  [uniandes.isis2304.parranderos.interfazApp.InterfazParranderosApp] - Se encontró un archivo de configuración válido: Tablas BD
04:39:14,885 (main) INFO  [uniandes.isis2304.parranderos.interfazApp.InterfazParranderosApp] - Se encontró un archivo de configuración válido: Interfaz
04:39:14,886 (main) INFO  [uniandes.isis2304.parranderos.interfazApp.InterfazParranderosApp] - Se aplica configuración indicada en el archivo de configuración
04:39:14,897 (main) INFO  [uniandes.isis2304.parranderos.interfazApp.InterfazParranderosApp] - Se encontró un archivo de configuración válido: Tablas BD
04:39:50,303 (main) INFO  [uniandes.isis2304.parranderos.test.ConexionTest] - Probando el acceso a la base de datos con datos de usuario correctos, pero sin crear el esquema
04:39:50,393 (main) INFO  [uniandes.isis2304.parranderos.test.ConexionTest] - Se encontró un archivo de configuración de tablas válido
04:39:51,913 (main) INFO  [uniandes.isis2304.parranderos.negocio.Parranderos] - Consultando Tipos de bebida
04:39:52,003 (main) INFO  [uniandes.isis2304.parranderos.test.ConexionTest] - Prueba de tabla inexistente correcta. La excepción generada es: javax.jdo.JDODataStoreException
04:39:52,003 (main) INFO  [uniandes.isis2304.parranderos.test.ConexionTest] - La causa es: java.sql.SQLSyntaxErrorException: ORA-00942: la tabla o vista no existe

04:39:52,003 (main) INFO  [uniandes.isis2304.parranderos.negocio.Parranderos] - Limpiando la BD de Parranderos
04:39:52,203 (main) ERROR [uniandes.isis2304.parranderos.persistencia.PersistenciaParranderos] - Exception : Error con la ejecucion de Query de SQL "DELETE FROM B_GUSTAN".
ORA-00942: la tabla o vista no existe

04:39:52,226 (main) INFO  [uniandes.isis2304.parranderos.negocio.Parranderos] - Limpiando la BD de Parranderos: Listo!
04:39:52,247 (main) INFO  [uniandes.isis2304.parranderos.test.ConexionTest] - Probando el acceso a la base de datos con una base de datos que no existe
04:39:52,247 (main) INFO  [uniandes.isis2304.parranderos.test.ConexionTest] - Se encontró un archivo de configuración de tablas válido
04:40:34,418 (main) INFO  [uniandes.isis2304.parranderos.test.ConexionTest] - Prueba realizada exitosamente. La excepción generada es: javax.jdo.JDOFatalUserException
04:40:34,418 (main) INFO  [uniandes.isis2304.parranderos.test.ConexionTest] - La causa es: javax.jdo.JDOFatalDataStoreException: Error de E/S: The Network Adapter could not establish the connection
NestedThrowables:
java.sql.SQLRecoverableException: Error de E/S: The Network Adapter could not establish the connection
04:40:34,419 (main) INFO  [uniandes.isis2304.parranderos.test.ConexionTest] - Probando el acceso a la base de datos con datos de usuario incorrectos
04:40:34,420 (main) INFO  [uniandes.isis2304.parranderos.test.ConexionTest] - Se encontró un archivo de configuración de tablas válido
04:40:50,324 (main) INFO  [uniandes.isis2304.parranderos.interfazDemo.InterfazParranderosDemo] - Se encontró un archivo de configuración válido: Interfaz
04:40:50,324 (main) INFO  [uniandes.isis2304.parranderos.interfazDemo.InterfazParranderosDemo] - Se aplica configuración indicada en el archivo de configuración
04:40:50,338 (main) INFO  [uniandes.isis2304.parranderos.interfazDemo.InterfazParranderosDemo] - Se encontró un archivo de configuración válido: Tablas BD
04:40:54,685 (AWT-EventQueue-0) INFO  [uniandes.isis2304.parranderos.negocio.Parranderos] - Adicionando Tipo de bebida: Vino tinto
04:40:54,796 (AWT-EventQueue-0) ERROR [uniandes.isis2304.parranderos.persistencia.PersistenciaParranderos] - Exception : Error con la ejecucion de Query de SQL "SELECT Parranderos_sequence.nextval FROM DUAL".
ORA-02289: no existe la secuencia

04:40:54,798 (AWT-EventQueue-0) INFO  [uniandes.isis2304.parranderos.negocio.Parranderos] - Adicionando Tipo de bebida: null
04:40:54,798 (AWT-EventQueue-0) INFO  [uniandes.isis2304.parranderos.negocio.Parranderos] - Buscando Tipo de bebida por nombre: Vino tinto
04:41:16,530 (main) INFO  [uniandes.isis2304.parranderos.test.ConexionTest] - Prueba realizada exitosamente. La excepción generada es: javax.jdo.JDOFatalUserException
04:41:16,530 (main) INFO  [uniandes.isis2304.parranderos.test.ConexionTest] - La causa es: javax.jdo.JDOFatalDataStoreException: Error de E/S: The Network Adapter could not establish the connection
NestedThrowables:
java.sql.SQLRecoverableException: Error de E/S: The Network Adapter could not establish the connection
04:41:16,531 (main) INFO  [uniandes.isis2304.parranderos.test.ConexionTest] - Probando el acceso a la base de datos con datos válidos (BD, credenciales, esquema
04:41:16,531 (main) INFO  [uniandes.isis2304.parranderos.test.ConexionTest] - Se encontró un archivo de configuración de tablas válido
04:41:16,802 (main) INFO  [uniandes.isis2304.parranderos.test.ConexionTest] - Conexión realizada correstamente
04:41:16,802 (main) INFO  [uniandes.isis2304.parranderos.test.ConexionTest] - Cerrando la conexión
04:41:16,809 (main) INFO  [uniandes.isis2304.parranderos.test.ConexionTest] - Conexión cerrada
04:41:40,580 (AWT-EventQueue-0) INFO  [uniandes.isis2304.parranderos.negocio.Parranderos] - Adicionando Tipo de bebida: Vino tinto
04:41:40,626 (AWT-EventQueue-0) ERROR [uniandes.isis2304.parranderos.persistencia.PersistenciaParranderos] - Exception : Error con la ejecucion de Query de SQL "SELECT Parranderos_sequence.nextval FROM DUAL".
ORA-02289: no existe la secuencia

04:41:40,627 (AWT-EventQueue-0) INFO  [uniandes.isis2304.parranderos.negocio.Parranderos] - Adicionando Tipo de bebida: null
04:41:40,627 (AWT-EventQueue-0) INFO  [uniandes.isis2304.parranderos.negocio.Parranderos] - Buscando Tipo de bebida por nombre: Vino tinto
04:45:29,742 (main) INFO  [uniandes.isis2304.parranderos.interfazDemo.InterfazParranderosDemo] - Se encontró un archivo de configuración válido: Interfaz
04:45:29,743 (main) INFO  [uniandes.isis2304.parranderos.interfazDemo.InterfazParranderosDemo] - Se aplica configuración indicada en el archivo de configuración
04:45:29,757 (main) INFO  [uniandes.isis2304.parranderos.interfazDemo.InterfazParranderosDemo] - Se encontró un archivo de configuración válido: Tablas BD
04:45:34,251 (AWT-EventQueue-0) INFO  [uniandes.isis2304.parranderos.negocio.Parranderos] - Adicionando Tipo de bebida: Vino tinto
04:45:34,560 (AWT-EventQueue-0) INFO  [uniandes.isis2304.parranderos.negocio.Parranderos] - Adicionando Tipo de bebida: TipoBebida [id=1, nombre=Vino tinto]
04:45:34,561 (AWT-EventQueue-0) INFO  [uniandes.isis2304.parranderos.negocio.Parranderos] - Generando los VO de Tipos de bebida
04:45:34,608 (AWT-EventQueue-0) INFO  [uniandes.isis2304.parranderos.negocio.Parranderos] - Generando los VO de Tipos de bebida: 1 existentes
04:45:34,608 (AWT-EventQueue-0) INFO  [uniandes.isis2304.parranderos.negocio.Parranderos] - Eliminando Tipo de bebida por id: 1
04:45:34,669 (AWT-EventQueue-0) INFO  [uniandes.isis2304.parranderos.negocio.Parranderos] - Eliminando Tipo de bebida por id: 1 tuplas eliminadas
04:58:47,190 (AWT-EventQueue-0) INFO  [uniandes.isis2304.parranderos.negocio.Parranderos] - Adicionando bebedor: Pepito
04:58:47,272 (AWT-EventQueue-0) INFO  [uniandes.isis2304.parranderos.negocio.Parranderos] - Adicionando bebedor: Bebedor [id=2, nombre=Pepito, ciudad=Bogotá, presupuesto=Alto]
04:58:47,272 (AWT-EventQueue-0) INFO  [uniandes.isis2304.parranderos.negocio.Parranderos] - Adicionando bar: Los Amigos
04:58:47,348 (AWT-EventQueue-0) INFO  [uniandes.isis2304.parranderos.negocio.Parranderos] - Adicionando bar: Bar [id=3, nombre=Los Amigos, ciudad=Bogotá, presupuesto=Bajo, cantSedes=2]
04:58:47,348 (AWT-EventQueue-0) INFO  [uniandes.isis2304.parranderos.negocio.Parranderos] - Adicionando Tipo de bebida: Vino tinto
04:58:47,444 (AWT-EventQueue-0) INFO  [uniandes.isis2304.parranderos.negocio.Parranderos] - Adicionando Tipo de bebida: TipoBebida [id=4, nombre=Vino tinto]
04:58:47,444 (AWT-EventQueue-0) INFO  [uniandes.isis2304.parranderos.negocio.Parranderos] - Adicionando bebida 120
04:58:47,521 (AWT-EventQueue-0) INFO  [uniandes.isis2304.parranderos.negocio.Parranderos] - Adicionando bebida: Bebida [id=5, nombre=120, idTipoBebida=4, gradoAlcohol=10]
04:58:47,521 (AWT-EventQueue-0) INFO  [uniandes.isis2304.parranderos.negocio.Parranderos] - Adicionando visitan [2, 3]
04:58:47,565 (AWT-EventQueue-0) INFO  [uniandes.isis2304.parranderos.negocio.Parranderos] - Adicionando visitan: Visitan [idBebedor=2, idBar=3, fechaVisita=2023-04-11 04:58:47.521, horario=diurno] tuplas insertadas
04:58:47,565 (AWT-EventQueue-0) INFO  [uniandes.isis2304.parranderos.negocio.Parranderos] - Adicionando visitan [2, 3]
04:58:47,595 (AWT-EventQueue-0) INFO  [uniandes.isis2304.parranderos.negocio.Parranderos] - Adicionando visitan: Visitan [idBebedor=2, idBar=3, fechaVisita=2023-04-11 04:58:47.565, horario=nocturno] tuplas insertadas
04:58:47,595 (AWT-EventQueue-0) INFO  [uniandes.isis2304.parranderos.negocio.Parranderos] - Adicionando visitan [2, 3]
04:58:47,618 (AWT-EventQueue-0) INFO  [uniandes.isis2304.parranderos.negocio.Parranderos] - Adicionando visitan: Visitan [idBebedor=2, idBar=3, fechaVisita=2023-04-11 04:58:47.595, horario=todos] tuplas insertadas
04:58:47,618 (AWT-EventQueue-0) INFO  [uniandes.isis2304.parranderos.negocio.Parranderos] - Adicionando gustan [2, 5]
04:58:47,682 (AWT-EventQueue-0) INFO  [uniandes.isis2304.parranderos.negocio.Parranderos] - Adicionando gustan: Gustan [idBebedor=2, idBebida=5] tuplas insertadas
04:58:47,682 (AWT-EventQueue-0) INFO  [uniandes.isis2304.parranderos.negocio.Parranderos] - Generando los VO de Tipos de bebida
04:58:47,706 (AWT-EventQueue-0) INFO  [uniandes.isis2304.parranderos.negocio.Parranderos] - Generando los VO de Tipos de bebida: 1 existentes
04:58:47,707 (AWT-EventQueue-0) INFO  [uniandes.isis2304.parranderos.negocio.Parranderos] - Generando los VO de las bebidas
04:58:47,746 (AWT-EventQueue-0) INFO  [uniandes.isis2304.parranderos.negocio.Parranderos] - Generando los VO de las bebidas: 1 existentes
04:58:47,746 (AWT-EventQueue-0) INFO  [uniandes.isis2304.parranderos.negocio.Parranderos] - Generando los VO de Bares
04:58:47,778 (AWT-EventQueue-0) INFO  [uniandes.isis2304.parranderos.negocio.Parranderos] - Generando los VO de Bares: 1 bares existentes
04:58:47,778 (AWT-EventQueue-0) INFO  [uniandes.isis2304.parranderos.negocio.Parranderos] - Generando los VO de Bebedores
04:58:47,814 (AWT-EventQueue-0) INFO  [uniandes.isis2304.parranderos.negocio.Parranderos] - Generando los VO de Bebedores: 1 bebedores existentes
04:58:47,814 (AWT-EventQueue-0) INFO  [uniandes.isis2304.parranderos.negocio.Parranderos] - Generando los VO de Gustan
04:58:47,846 (AWT-EventQueue-0) INFO  [uniandes.isis2304.parranderos.negocio.Parranderos] - Generando los VO de Gustan: 1 Gustan existentes
04:58:47,847 (AWT-EventQueue-0) INFO  [uniandes.isis2304.parranderos.negocio.Parranderos] - Generando los VO de Visitan
04:58:47,947 (AWT-EventQueue-0) INFO  [uniandes.isis2304.parranderos.negocio.Parranderos] - Generando los VO de Visitan: 3 Visitan existentes
04:58:47,947 (AWT-EventQueue-0) INFO  [uniandes.isis2304.parranderos.negocio.Parranderos] - Dar información COMPLETA de un bebedor por id: 2
04:58:48,051 (AWT-EventQueue-0) INFO  [uniandes.isis2304.parranderos.negocio.Parranderos] - Bebedor [id=2, nombre=Pepito, ciudad=Bogotá, presupuesto=Alto]
04:58:48,052 (AWT-EventQueue-0) INFO  [uniandes.isis2304.parranderos.negocio.Parranderos] - Eliminando bebida por nombre: 120
04:58:48,092 (AWT-EventQueue-0) ERROR [uniandes.isis2304.parranderos.persistencia.PersistenciaParranderos] - Exception : Error con la ejecucion de Query de SQL "DELETE FROM A_BEBIDA WHERE nombre = ?".
ORA-02292: restricción de integridad (ISIS2304A34202310.FK_G_BEBIDA) violada - registro secundario encontrado

04:58:48,111 (AWT-EventQueue-0) INFO  [uniandes.isis2304.parranderos.negocio.Parranderos] - Eliminando bebida por nombre: -1 tuplas eliminadas
04:58:48,111 (AWT-EventQueue-0) INFO  [uniandes.isis2304.parranderos.negocio.Parranderos] - Eliminando Tipo de bebida por nombre: Vino tinto
04:58:48,131 (AWT-EventQueue-0) ERROR [uniandes.isis2304.parranderos.persistencia.PersistenciaParranderos] - Exception : Error con la ejecucion de Query de SQL "DELETE FROM A_TIPOBEBIDA WHERE nombre = ?".
ORA-02292: restricción de integridad (ISIS2304A34202310.FK_A_TIPOBEBIDA) violada - registro secundario encontrado

04:58:48,147 (AWT-EventQueue-0) INFO  [uniandes.isis2304.parranderos.negocio.Parranderos] - Eliminando Tipo de bebida por nombre: -1 tuplas eliminadas
04:58:48,147 (AWT-EventQueue-0) INFO  [uniandes.isis2304.parranderos.negocio.Parranderos] - Eliminando bebedor con sus visitas v1: 2
04:58:48,174 (AWT-EventQueue-0) ERROR [uniandes.isis2304.parranderos.persistencia.PersistenciaParranderos] - Exception : Error con la ejecucion de Query de SQL "DELETE FROM A_BEBEDOR WHERE id = ?".
ORA-02292: restricción de integridad (ISIS2304A34202310.FK_G_BEBEDOR) violada - registro secundario encontrado

04:58:48,191 (AWT-EventQueue-0) INFO  [uniandes.isis2304.parranderos.negocio.Parranderos] - Eliminando bebedor con sus visitas v1: -1 bebedor y -1 visitas
04:58:48,191 (AWT-EventQueue-0) INFO  [uniandes.isis2304.parranderos.negocio.Parranderos] - Eliminando bar por nombre: Los Amigos
04:58:48,211 (AWT-EventQueue-0) ERROR [uniandes.isis2304.parranderos.persistencia.PersistenciaParranderos] - Exception : Error con la ejecucion de Query de SQL "DELETE FROM A_BAR WHERE nombre = ?".
ORA-02292: restricción de integridad (ISIS2304A34202310.FK_V_BAR) violada - registro secundario encontrado

04:58:48,226 (AWT-EventQueue-0) INFO  [uniandes.isis2304.parranderos.negocio.Parranderos] - Eliminando bar: -1 tuplas eliminadas
15:41:21,442 (main) INFO  [uniandes.isis2304.parranderos.interfazApp.InterfazParranderosApp] - Se encontró un archivo de configuración válido: Interfaz
15:41:21,443 (main) INFO  [uniandes.isis2304.parranderos.interfazApp.InterfazParranderosApp] - Se aplica configuración indicada en el archivo de configuración
15:41:21,473 (main) INFO  [uniandes.isis2304.parranderos.interfazApp.InterfazParranderosApp] - Se encontró un archivo de configuración válido: Tablas BD
15:42:45,338 (AWT-EventQueue-0) INFO  [uniandes.isis2304.parranderos.negocio.AlohAndes] - Generando los VO de Usuarios
15:42:45,424 (AWT-EventQueue-0) INFO  [uniandes.isis2304.parranderos.negocio.AlohAndes] - Generando los VO de Usuarios: 0 existentes
15:46:31,637 (main) INFO  [uniandes.isis2304.parranderos.interfazApp.InterfazParranderosApp] - Se encontró un archivo de configuración válido: Interfaz
15:46:31,638 (main) INFO  [uniandes.isis2304.parranderos.interfazApp.InterfazParranderosApp] - Se aplica configuración indicada en el archivo de configuración
15:46:31,666 (main) INFO  [uniandes.isis2304.parranderos.interfazApp.InterfazParranderosApp] - Se encontró un archivo de configuración válido: Tablas BD
15:47:23,306 (AWT-EventQueue-0) INFO  [uniandes.isis2304.parranderos.negocio.AlohAndes] - Adicionando Usuario: 11042778498
15:47:23,604 (AWT-EventQueue-0) INFO  [uniandes.isis2304.parranderos.negocio.AlohAndes] - Adicionando Usuario: Usuario [id=1, nit=11042778498, tipo jurídico=Hotel, relación comunidad=Convenio]
15:48:00,485 (AWT-EventQueue-0) INFO  [uniandes.isis2304.parranderos.negocio.AlohAndes] - Generando los VO de Usuarios
15:49:42,291 (main) INFO  [uniandes.isis2304.parranderos.interfazApp.InterfazParranderosApp] - Se encontró un archivo de configuración válido: Interfaz
15:49:42,293 (main) INFO  [uniandes.isis2304.parranderos.interfazApp.InterfazParranderosApp] - Se aplica configuración indicada en el archivo de configuración
15:49:42,323 (main) INFO  [uniandes.isis2304.parranderos.interfazApp.InterfazParranderosApp] - Se encontró un archivo de configuración válido: Tablas BD
15:49:48,585 (AWT-EventQueue-0) INFO  [uniandes.isis2304.parranderos.negocio.AlohAndes] - Generando los VO de Usuarios
